<?xml version="1.0" encoding="UTF-8"?>
<!-- Generated by org.testng.reporters.JUnitXMLReporter -->
<testsuite ignored="0" hostname="SWWAPNILL" failures="0" tests="5" name="Calculator Tests" time="28.565" errors="0" timestamp="2025-12-24T16:00:32 IST">
  <testcase classname="tests.BaseTestClass" name="@AfterTest tearDown" time="3.236">
    <failure type="org.openqa.selenium.WebDriverException" message="Error executing adbExec. Original error: &amp;apos;Command &amp;apos;&amp;apos;C:\Users\Lenovo\AppData\Local\Android\Sdk\platform-tools\adb.exe&amp;apos; -P 5037 -s ZD22284PKR shell &amp;apos;settings delete global hidden_api_policy_pre_p_apps;settings delete global hidden_api_policy_p_apps;settings delete global hidden_api_policy&amp;apos;&amp;apos; exited with code 1&amp;apos;; Command output: adb.exe: device unauthorized.
This adb server&amp;apos;s $ADB_VENDOR_KEYS is not set
Try &amp;apos;adb kill-server&amp;apos; if that seems wrong.
Otherwise check for a confirmation dialog on your device.

Build info: version: &amp;apos;4.38.0&amp;apos;, revision: &amp;apos;6b412e825c*&amp;apos;
System info: os.name: &amp;apos;Windows 11&amp;apos;, os.arch: &amp;apos;amd64&amp;apos;, os.version: &amp;apos;10.0&amp;apos;, java.version: &amp;apos;21.0.7&amp;apos;
Driver info: io.appium.java_client.android.AndroidDriver
Command: [9dc77d83-2bf9-4203-b264-087a23d67c6e, quit {}]
Capabilities {appium:appActivity: com.bak.mnr.calculatrice.Ma..., appium:appPackage: com.bak.mnr.calculatrice, appium:automationName: UiAutomator2, appium:databaseEnabled: false, appium:desired: {appActivity: com.bak.mnr.calculatrice.Ma..., appPackage: com.bak.mnr.calculatrice, automationName: UiAutomator2, deviceName: ZD22284PKR, newCommandTimeout: 60, platformName: ANDROID, platformVersion: 13}, appium:deviceApiLevel: 33, appium:deviceManufacturer: motorola, appium:deviceModel: moto g72, appium:deviceName: ZD22284PKR, appium:deviceScreenDensity: 400, appium:deviceScreenSize: 1080x2400, appium:deviceUDID: ZD22284PKR, appium:javascriptEnabled: true, appium:locationContextEnabled: false, appium:networkConnectionEnabled: true, appium:newCommandTimeout: 60, appium:pixelRatio: 2.5, appium:platformVersion: 13, appium:statBarHeight: 105, appium:takesScreenshot: true, appium:viewportRect: {height: 2295, left: 0, top: 105, width: 1080}, appium:warnings: {}, appium:webStorageEnabled: false, platformName: ANDROID}
Session ID: 9dc77d83-2bf9-4203-b264-087a23d67c6e">
      <![CDATA[org.openqa.selenium.WebDriverException: Error executing adbExec. Original error: 'Command ''C:\Users\Lenovo\AppData\Local\Android\Sdk\platform-tools\adb.exe' -P 5037 -s ZD22284PKR shell 'settings delete global hidden_api_policy_pre_p_apps;settings delete global hidden_api_policy_p_apps;settings delete global hidden_api_policy'' exited with code 1'; Command output: adb.exe: device unauthorized.
This adb server's $ADB_VENDOR_KEYS is not set
Try 'adb kill-server' if that seems wrong.
Otherwise check for a confirmation dialog on your device.

Build info: version: '4.38.0', revision: '6b412e825c*'
System info: os.name: 'Windows 11', os.arch: 'amd64', os.version: '10.0', java.version: '21.0.7'
Driver info: io.appium.java_client.android.AndroidDriver
Command: [9dc77d83-2bf9-4203-b264-087a23d67c6e, quit {}]
Capabilities {appium:appActivity: com.bak.mnr.calculatrice.Ma..., appium:appPackage: com.bak.mnr.calculatrice, appium:automationName: UiAutomator2, appium:databaseEnabled: false, appium:desired: {appActivity: com.bak.mnr.calculatrice.Ma..., appPackage: com.bak.mnr.calculatrice, automationName: UiAutomator2, deviceName: ZD22284PKR, newCommandTimeout: 60, platformName: ANDROID, platformVersion: 13}, appium:deviceApiLevel: 33, appium:deviceManufacturer: motorola, appium:deviceModel: moto g72, appium:deviceName: ZD22284PKR, appium:deviceScreenDensity: 400, appium:deviceScreenSize: 1080x2400, appium:deviceUDID: ZD22284PKR, appium:javascriptEnabled: true, appium:locationContextEnabled: false, appium:networkConnectionEnabled: true, appium:newCommandTimeout: 60, appium:pixelRatio: 2.5, appium:platformVersion: 13, appium:statBarHeight: 105, appium:takesScreenshot: true, appium:viewportRect: {height: 2295, left: 0, top: 105, width: 1080}, appium:warnings: {}, appium:webStorageEnabled: false, platformName: ANDROID}
Session ID: 9dc77d83-2bf9-4203-b264-087a23d67c6e
at org.openqa.selenium.remote.ErrorCodec.decode(ErrorCodec.java:167)
at org.openqa.selenium.remote.codec.w3c.W3CHttpResponseCodec.decode(W3CHttpResponseCodec.java:138)
at org.openqa.selenium.remote.codec.w3c.W3CHttpResponseCodec.decode(W3CHttpResponseCodec.java:50)
at org.openqa.selenium.remote.HttpCommandExecutor.execute(HttpCommandExecutor.java:215)
at io.appium.java_client.remote.AppiumCommandExecutor.execute(AppiumCommandExecutor.java:243)
at org.openqa.selenium.remote.RemoteWebDriver.execute(RemoteWebDriver.java:557)
at org.openqa.selenium.remote.RemoteWebDriver.execute(RemoteWebDriver.java:634)
at io.appium.java_client.AppiumDriver.execute(AppiumDriver.java:230)
at org.openqa.selenium.remote.RemoteWebDriver.quit(RemoteWebDriver.java:458)
at tests.BaseTestClass.tearDown(BaseTestClass.java:64)
... Removed 25 stack frames]]>
    </failure>
  </testcase> <!-- @AfterTest tearDown -->
  <testcase classname="tests.CalculatorTest" name="verifyAddition" time="4.233"/>
  <testcase classname="tests.CalculatorTest" name="verifyDivideByZero" time="3.216"/>
  <testcase classname="tests.CalculatorTest" name="verifyDivision" time="3.178"/>
  <testcase classname="tests.CalculatorTest" name="verifyMultiplication" time="2.599"/>
  <testcase classname="tests.CalculatorTest" name="verifySubtract" time="3.196"/>
</testsuite> <!-- Calculator Tests -->
